2024-11-12T14:27:13.027+05:30  INFO 17952 --- [ShopemeBackEnd] [SpringApplicationShutdownHook] j.LocalContainerEntityManagerFactoryBean : Closing JPA EntityManagerFactory for persistence unit 'default'
2024-11-12T14:27:13.374+05:30  INFO 17952 --- [ShopemeBackEnd] [SpringApplicationShutdownHook] com.zaxxer.hikari.HikariDataSource       : HikariPool-1 - Shutdown initiated...
2024-11-12T14:27:13.402+05:30  INFO 17952 --- [ShopemeBackEnd] [SpringApplicationShutdownHook] com.zaxxer.hikari.HikariDataSource       : HikariPool-1 - Shutdown completed.
2024-11-12T14:27:25.495+05:30  INFO 19060 --- [ShopemeBackEnd] [restartedMain] c.s.admin.ShopemeBackEndApplication      : Starting ShopemeBackEndApplication using Java 17.0.9 with PID 19060 (D:\shopeme-Ecomerce-Project\ShopemeProject\ShopemeWebParent\ShopemeBackEnd\target\classes started by humza in D:\shopeme-Ecomerce-Project\ShopemeProject\ShopemeWebParent\ShopemeBackEnd)
2024-11-12T14:27:25.513+05:30  INFO 19060 --- [ShopemeBackEnd] [restartedMain] c.s.admin.ShopemeBackEndApplication      : No active profile set, falling back to 1 default profile: "default"
2024-11-12T14:27:25.692+05:30  INFO 19060 --- [ShopemeBackEnd] [restartedMain] .e.DevToolsPropertyDefaultsPostProcessor : Devtools property defaults active! Set 'spring.devtools.add-properties' to 'false' to disable
2024-11-12T14:27:25.693+05:30  INFO 19060 --- [ShopemeBackEnd] [restartedMain] .e.DevToolsPropertyDefaultsPostProcessor : For additional web related logging consider setting the 'logging.level.web' property to 'DEBUG'
2024-11-12T14:27:28.228+05:30  INFO 19060 --- [ShopemeBackEnd] [restartedMain] .s.d.r.c.RepositoryConfigurationDelegate : Bootstrapping Spring Data JPA repositories in DEFAULT mode.
2024-11-12T14:27:28.690+05:30  INFO 19060 --- [ShopemeBackEnd] [restartedMain] .s.d.r.c.RepositoryConfigurationDelegate : Finished Spring Data repository scanning in 434 ms. Found 2 JPA repository interfaces.
2024-11-12T14:27:31.610+05:30  INFO 19060 --- [ShopemeBackEnd] [restartedMain] o.s.b.w.embedded.tomcat.TomcatWebServer  : Tomcat initialized with port 8081 (http)
2024-11-12T14:27:31.652+05:30  INFO 19060 --- [ShopemeBackEnd] [restartedMain] o.apache.catalina.core.StandardService   : Starting service [Tomcat]
2024-11-12T14:27:31.653+05:30  INFO 19060 --- [ShopemeBackEnd] [restartedMain] o.apache.catalina.core.StandardEngine    : Starting Servlet engine: [Apache Tomcat/10.1.30]
2024-11-12T14:27:31.929+05:30  INFO 19060 --- [ShopemeBackEnd] [restartedMain] o.a.c.c.C.[.[localhost].[/ShopmeAdmin]   : Initializing Spring embedded WebApplicationContext
2024-11-12T14:27:31.929+05:30  INFO 19060 --- [ShopemeBackEnd] [restartedMain] w.s.c.ServletWebServerApplicationContext : Root WebApplicationContext: initialization completed in 6235 ms
2024-11-12T14:27:32.715+05:30  INFO 19060 --- [ShopemeBackEnd] [restartedMain] o.hibernate.jpa.internal.util.LogHelper  : HHH000204: Processing PersistenceUnitInfo [name: default]
2024-11-12T14:27:32.881+05:30  INFO 19060 --- [ShopemeBackEnd] [restartedMain] org.hibernate.Version                    : HHH000412: Hibernate ORM core version 6.5.3.Final
2024-11-12T14:27:32.977+05:30  INFO 19060 --- [ShopemeBackEnd] [restartedMain] o.h.c.internal.RegionFactoryInitiator    : HHH000026: Second-level cache disabled
2024-11-12T14:27:33.854+05:30  INFO 19060 --- [ShopemeBackEnd] [restartedMain] o.s.o.j.p.SpringPersistenceUnitInfo      : No LoadTimeWeaver setup: ignoring JPA class transformer
2024-11-12T14:27:33.931+05:30  INFO 19060 --- [ShopemeBackEnd] [restartedMain] com.zaxxer.hikari.HikariDataSource       : HikariPool-1 - Starting...
2024-11-12T14:27:34.723+05:30  INFO 19060 --- [ShopemeBackEnd] [restartedMain] com.zaxxer.hikari.pool.HikariPool        : HikariPool-1 - Added connection com.mysql.cj.jdbc.ConnectionImpl@3b1f386a
2024-11-12T14:27:34.728+05:30  INFO 19060 --- [ShopemeBackEnd] [restartedMain] com.zaxxer.hikari.HikariDataSource       : HikariPool-1 - Start completed.
2024-11-12T14:27:34.887+05:30  WARN 19060 --- [ShopemeBackEnd] [restartedMain] org.hibernate.orm.deprecation            : HHH90000025: MySQL8Dialect does not need to be specified explicitly using 'hibernate.dialect' (remove the property setting and it will be selected by default)
2024-11-12T14:27:34.890+05:30  WARN 19060 --- [ShopemeBackEnd] [restartedMain] org.hibernate.orm.deprecation            : HHH90000026: MySQL8Dialect has been deprecated; use org.hibernate.dialect.MySQLDialect instead
2024-11-12T14:27:37.032+05:30  INFO 19060 --- [ShopemeBackEnd] [restartedMain] o.h.e.t.j.p.i.JtaPlatformInitiator       : HHH000489: No JTA platform available (set 'hibernate.transaction.jta.platform' to enable JTA platform integration)
2024-11-12T14:27:37.261+05:30  INFO 19060 --- [ShopemeBackEnd] [restartedMain] j.LocalContainerEntityManagerFactoryBean : Initialized JPA EntityManagerFactory for persistence unit 'default'
2024-11-12T14:27:37.902+05:30  INFO 19060 --- [ShopemeBackEnd] [restartedMain] o.s.d.j.r.query.QueryEnhancerFactory     : Hibernate is in classpath; If applicable, HQL parser will be used.
2024-11-12T14:27:39.447+05:30  WARN 19060 --- [ShopemeBackEnd] [restartedMain] JpaBaseConfiguration$JpaWebConfiguration : spring.jpa.open-in-view is enabled by default. Therefore, database queries may be performed during view rendering. Explicitly configure spring.jpa.open-in-view to disable this warning
2024-11-12T14:27:39.538+05:30  INFO 19060 --- [ShopemeBackEnd] [restartedMain] r$InitializeUserDetailsManagerConfigurer : Global AuthenticationManager configured with UserDetailsService bean with name userDetailsService
2024-11-12T14:27:39.777+05:30  INFO 19060 --- [ShopemeBackEnd] [restartedMain] o.s.b.a.w.s.WelcomePageHandlerMapping    : Adding welcome page template: index
2024-11-12T14:27:41.916+05:30  WARN 19060 --- [ShopemeBackEnd] [restartedMain] o.s.s.c.a.web.builders.WebSecurity       : You are asking Spring Security to ignore Deferred [Mvc [pattern='/images/**'], Ant [pattern='/images/**']]. This is not recommended -- please use permitAll via HttpSecurity#authorizeHttpRequests instead.
2024-11-12T14:27:41.917+05:30  WARN 19060 --- [ShopemeBackEnd] [restartedMain] o.s.s.c.a.web.builders.WebSecurity       : You are asking Spring Security to ignore Deferred [Mvc [pattern='/js/**'], Ant [pattern='/js/**']]. This is not recommended -- please use permitAll via HttpSecurity#authorizeHttpRequests instead.
2024-11-12T14:27:41.917+05:30  WARN 19060 --- [ShopemeBackEnd] [restartedMain] o.s.s.c.a.web.builders.WebSecurity       : You are asking Spring Security to ignore Deferred [Mvc [pattern='/webjars/**'], Ant [pattern='/webjars/**']]. This is not recommended -- please use permitAll via HttpSecurity#authorizeHttpRequests instead.
2024-11-12T14:27:42.084+05:30  INFO 19060 --- [ShopemeBackEnd] [restartedMain] o.s.b.d.a.OptionalLiveReloadServer       : LiveReload server is running on port 35729
2024-11-12T14:27:42.312+05:30  INFO 19060 --- [ShopemeBackEnd] [restartedMain] o.s.b.w.embedded.tomcat.TomcatWebServer  : Tomcat started on port 8081 (http) with context path '/ShopmeAdmin'
2024-11-12T14:27:42.333+05:30  INFO 19060 --- [ShopemeBackEnd] [restartedMain] c.s.admin.ShopemeBackEndApplication      : Started ShopemeBackEndApplication in 18.507 seconds (process running for 19.818)
2024-11-11T14:28:39.988+05:30  INFO 19060 --- [ShopemeBackEnd] [http-nio-8081-exec-3] o.a.c.c.C.[.[localhost].[/ShopmeAdmin]   : Initializing Spring DispatcherServlet 'dispatcherServlet'
2024-11-11T14:28:39.990+05:30  INFO 19060 --- [ShopemeBackEnd] [http-nio-8081-exec-3] o.s.web.servlet.DispatcherServlet        : Initializing Servlet 'dispatcherServlet'
2024-11-11T14:28:39.994+05:30  INFO 19060 --- [ShopemeBackEnd] [http-nio-8081-exec-3] o.s.web.servlet.DispatcherServlet        : Completed initialization in 4 ms
2024-11-11T14:28:41.413+05:30  WARN 19060 --- [ShopemeBackEnd] [http-nio-8081-exec-3] actStandardFragmentInsertionTagProcessor : [THYMELEAF][http-nio-8081-exec-3][index] Deprecated unwrapped fragment expression "fragments :: footer" found in template index, line 91, col 10. Please use the complete syntax of fragment expressions instead ("~{fragments :: footer}"). The old, unwrapped syntax for fragment expressions will be removed in future versions of Thymeleaf.
2024-11-11T15:18:22.582+05:30  WARN 19060 --- [ShopemeBackEnd] [http-nio-8081-exec-4] actStandardFragmentInsertionTagProcessor : [THYMELEAF][http-nio-8081-exec-4][index] Deprecated unwrapped fragment expression "fragments :: footer" found in template index, line 91, col 10. Please use the complete syntax of fragment expressions instead ("~{fragments :: footer}"). The old, unwrapped syntax for fragment expressions will be removed in future versions of Thymeleaf.
2024-11-11T15:30:23.522+05:30  INFO 19060 --- [ShopemeBackEnd] [File Watcher] rtingClassPathChangeChangedEventListener : Restarting due to 1 class path change (1 addition, 0 deletions, 0 modifications)
2024-11-11T15:30:23.750+05:30  INFO 19060 --- [ShopemeBackEnd] [Thread-5] j.LocalContainerEntityManagerFactoryBean : Closing JPA EntityManagerFactory for persistence unit 'default'
2024-11-11T15:30:23.800+05:30  INFO 19060 --- [ShopemeBackEnd] [Thread-5] com.zaxxer.hikari.HikariDataSource       : HikariPool-1 - Shutdown initiated...
2024-11-11T15:30:23.817+05:30  INFO 19060 --- [ShopemeBackEnd] [Thread-5] com.zaxxer.hikari.HikariDataSource       : HikariPool-1 - Shutdown completed.
2024-11-11T15:30:24.560+05:30  INFO 19060 --- [ShopemeBackEnd] [restartedMain] c.s.admin.ShopemeBackEndApplication      : Starting ShopemeBackEndApplication using Java 17.0.9 with PID 19060 (D:\shopeme-Ecomerce-Project\ShopemeProject\ShopemeWebParent\ShopemeBackEnd\target\classes started by humza in D:\shopeme-Ecomerce-Project\ShopemeProject\ShopemeWebParent\ShopemeBackEnd)
2024-11-11T15:30:24.560+05:30  INFO 19060 --- [ShopemeBackEnd] [restartedMain] c.s.admin.ShopemeBackEndApplication      : No active profile set, falling back to 1 default profile: "default"
2024-11-11T15:30:25.406+05:30  INFO 19060 --- [ShopemeBackEnd] [restartedMain] .s.d.r.c.RepositoryConfigurationDelegate : Bootstrapping Spring Data JPA repositories in DEFAULT mode.
2024-11-11T15:30:25.598+05:30  INFO 19060 --- [ShopemeBackEnd] [restartedMain] .s.d.r.c.RepositoryConfigurationDelegate : Finished Spring Data repository scanning in 191 ms. Found 2 JPA repository interfaces.
2024-11-11T15:30:26.016+05:30  INFO 19060 --- [ShopemeBackEnd] [restartedMain] o.s.b.w.embedded.tomcat.TomcatWebServer  : Tomcat initialized with port 8081 (http)
2024-11-11T15:30:26.018+05:30  INFO 19060 --- [ShopemeBackEnd] [restartedMain] o.apache.catalina.core.StandardService   : Starting service [Tomcat]
2024-11-11T15:30:26.019+05:30  INFO 19060 --- [ShopemeBackEnd] [restartedMain] o.apache.catalina.core.StandardEngine    : Starting Servlet engine: [Apache Tomcat/10.1.30]
2024-11-11T15:30:26.229+05:30  INFO 19060 --- [ShopemeBackEnd] [restartedMain] o.a.c.c.C.[.[localhost].[/ShopmeAdmin]   : Initializing Spring embedded WebApplicationContext
2024-11-11T15:30:26.235+05:30  INFO 19060 --- [ShopemeBackEnd] [restartedMain] w.s.c.ServletWebServerApplicationContext : Root WebApplicationContext: initialization completed in 1662 ms
2024-11-11T15:30:26.327+05:30  WARN 19060 --- [ShopemeBackEnd] [restartedMain] o.a.c.c.C.[.[localhost].[/ShopmeAdmin]   : Cannot deserialize session attribute [SPRING_SECURITY_CONTEXT] for session [08D4117AFD2A5A20ABA1BF76D6346DE4]
2024-11-11T15:30:26.453+05:30  INFO 19060 --- [ShopemeBackEnd] [restartedMain] o.hibernate.jpa.internal.util.LogHelper  : HHH000204: Processing PersistenceUnitInfo [name: default]
2024-11-11T15:30:26.468+05:30  INFO 19060 --- [ShopemeBackEnd] [restartedMain] o.h.c.internal.RegionFactoryInitiator    : HHH000026: Second-level cache disabled
2024-11-11T15:30:26.513+05:30  INFO 19060 --- [ShopemeBackEnd] [restartedMain] o.s.o.j.p.SpringPersistenceUnitInfo      : No LoadTimeWeaver setup: ignoring JPA class transformer
2024-11-11T15:30:26.518+05:30  INFO 19060 --- [ShopemeBackEnd] [restartedMain] com.zaxxer.hikari.HikariDataSource       : HikariPool-2 - Starting...
2024-11-11T15:30:26.557+05:30  INFO 19060 --- [ShopemeBackEnd] [restartedMain] com.zaxxer.hikari.pool.HikariPool        : HikariPool-2 - Added connection com.mysql.cj.jdbc.ConnectionImpl@33d857e0
2024-11-11T15:30:26.558+05:30  INFO 19060 --- [ShopemeBackEnd] [restartedMain] com.zaxxer.hikari.HikariDataSource       : HikariPool-2 - Start completed.
2024-11-11T15:30:26.561+05:30  WARN 19060 --- [ShopemeBackEnd] [restartedMain] org.hibernate.orm.deprecation            : HHH90000025: MySQL8Dialect does not need to be specified explicitly using 'hibernate.dialect' (remove the property setting and it will be selected by default)
2024-11-11T15:30:26.561+05:30  WARN 19060 --- [ShopemeBackEnd] [restartedMain] org.hibernate.orm.deprecation            : HHH90000026: MySQL8Dialect has been deprecated; use org.hibernate.dialect.MySQLDialect instead
2024-11-11T15:30:26.805+05:30  INFO 19060 --- [ShopemeBackEnd] [restartedMain] o.h.e.t.j.p.i.JtaPlatformInitiator       : HHH000489: No JTA platform available (set 'hibernate.transaction.jta.platform' to enable JTA platform integration)
2024-11-11T15:30:26.911+05:30  INFO 19060 --- [ShopemeBackEnd] [restartedMain] j.LocalContainerEntityManagerFactoryBean : Initialized JPA EntityManagerFactory for persistence unit 'default'
2024-11-11T15:30:27.111+05:30  WARN 19060 --- [ShopemeBackEnd] [restartedMain] JpaBaseConfiguration$JpaWebConfiguration : spring.jpa.open-in-view is enabled by default. Therefore, database queries may be performed during view rendering. Explicitly configure spring.jpa.open-in-view to disable this warning
2024-11-11T15:30:27.127+05:30  INFO 19060 --- [ShopemeBackEnd] [restartedMain] r$InitializeUserDetailsManagerConfigurer : Global AuthenticationManager configured with UserDetailsService bean with name userDetailsService
2024-11-11T15:30:27.146+05:30  INFO 19060 --- [ShopemeBackEnd] [restartedMain] o.s.b.a.w.s.WelcomePageHandlerMapping    : Adding welcome page template: index
2024-11-11T15:30:27.872+05:30  WARN 19060 --- [ShopemeBackEnd] [restartedMain] o.s.s.c.a.web.builders.WebSecurity       : You are asking Spring Security to ignore Deferred [Mvc [pattern='/images/**'], Ant [pattern='/images/**']]. This is not recommended -- please use permitAll via HttpSecurity#authorizeHttpRequests instead.
2024-11-11T15:30:27.873+05:30  WARN 19060 --- [ShopemeBackEnd] [restartedMain] o.s.s.c.a.web.builders.WebSecurity       : You are asking Spring Security to ignore Deferred [Mvc [pattern='/js/**'], Ant [pattern='/js/**']]. This is not recommended -- please use permitAll via HttpSecurity#authorizeHttpRequests instead.
2024-11-11T15:30:27.873+05:30  WARN 19060 --- [ShopemeBackEnd] [restartedMain] o.s.s.c.a.web.builders.WebSecurity       : You are asking Spring Security to ignore Deferred [Mvc [pattern='/webjars/**'], Ant [pattern='/webjars/**']]. This is not recommended -- please use permitAll via HttpSecurity#authorizeHttpRequests instead.
2024-11-11T15:30:27.900+05:30  INFO 19060 --- [ShopemeBackEnd] [restartedMain] o.s.b.d.a.OptionalLiveReloadServer       : LiveReload server is running on port 35729
2024-11-11T15:30:27.915+05:30  INFO 19060 --- [ShopemeBackEnd] [restartedMain] o.s.b.w.embedded.tomcat.TomcatWebServer  : Tomcat started on port 8081 (http) with context path '/ShopmeAdmin'
2024-11-11T15:30:27.920+05:30  INFO 19060 --- [ShopemeBackEnd] [restartedMain] c.s.admin.ShopemeBackEndApplication      : Started ShopemeBackEndApplication in 3.508 seconds (process running for 3780.332)
2024-11-11T15:30:27.923+05:30  INFO 19060 --- [ShopemeBackEnd] [restartedMain] .ConditionEvaluationDeltaLoggingListener : Condition evaluation unchanged
2024-11-11T15:30:29.078+05:30  INFO 19060 --- [ShopemeBackEnd] [SpringApplicationShutdownHook] j.LocalContainerEntityManagerFactoryBean : Closing JPA EntityManagerFactory for persistence unit 'default'
2024-11-11T15:30:29.079+05:30  INFO 19060 --- [ShopemeBackEnd] [SpringApplicationShutdownHook] com.zaxxer.hikari.HikariDataSource       : HikariPool-2 - Shutdown initiated...
2024-11-11T15:30:29.091+05:30  INFO 19060 --- [ShopemeBackEnd] [SpringApplicationShutdownHook] com.zaxxer.hikari.HikariDataSource       : HikariPool-2 - Shutdown completed.
2024-11-11T15:34:13.878+05:30  INFO 17752 --- [ShopemeBackEnd] [restartedMain] c.s.admin.ShopemeBackEndApplication      : Starting ShopemeBackEndApplication using Java 17.0.9 with PID 17752 (D:\shopeme-Ecomerce-Project\ShopemeProject\ShopemeWebParent\ShopemeBackEnd\target\classes started by humza in D:\shopeme-Ecomerce-Project\ShopemeProject\ShopemeWebParent\ShopemeBackEnd)
2024-11-11T15:34:13.882+05:30  INFO 17752 --- [ShopemeBackEnd] [restartedMain] c.s.admin.ShopemeBackEndApplication      : No active profile set, falling back to 1 default profile: "default"
2024-11-11T15:34:13.970+05:30  INFO 17752 --- [ShopemeBackEnd] [restartedMain] .e.DevToolsPropertyDefaultsPostProcessor : Devtools property defaults active! Set 'spring.devtools.add-properties' to 'false' to disable
2024-11-11T15:34:13.971+05:30  INFO 17752 --- [ShopemeBackEnd] [restartedMain] .e.DevToolsPropertyDefaultsPostProcessor : For additional web related logging consider setting the 'logging.level.web' property to 'DEBUG'
2024-11-11T15:34:15.915+05:30  INFO 17752 --- [ShopemeBackEnd] [restartedMain] .s.d.r.c.RepositoryConfigurationDelegate : Bootstrapping Spring Data JPA repositories in DEFAULT mode.
2024-11-11T15:34:16.318+05:30  INFO 17752 --- [ShopemeBackEnd] [restartedMain] .s.d.r.c.RepositoryConfigurationDelegate : Finished Spring Data repository scanning in 351 ms. Found 2 JPA repository interfaces.
2024-11-11T15:34:18.413+05:30  INFO 17752 --- [ShopemeBackEnd] [restartedMain] o.s.b.w.embedded.tomcat.TomcatWebServer  : Tomcat initialized with port 8081 (http)
2024-11-11T15:34:18.441+05:30  INFO 17752 --- [ShopemeBackEnd] [restartedMain] o.apache.catalina.core.StandardService   : Starting service [Tomcat]
2024-11-11T15:34:18.442+05:30  INFO 17752 --- [ShopemeBackEnd] [restartedMain] o.apache.catalina.core.StandardEngine    : Starting Servlet engine: [Apache Tomcat/10.1.30]
2024-11-11T15:34:18.592+05:30  INFO 17752 --- [ShopemeBackEnd] [restartedMain] o.a.c.c.C.[.[localhost].[/ShopmeAdmin]   : Initializing Spring embedded WebApplicationContext
2024-11-11T15:34:18.592+05:30  INFO 17752 --- [ShopemeBackEnd] [restartedMain] w.s.c.ServletWebServerApplicationContext : Root WebApplicationContext: initialization completed in 4620 ms
2024-11-11T15:34:19.154+05:30  INFO 17752 --- [ShopemeBackEnd] [restartedMain] o.hibernate.jpa.internal.util.LogHelper  : HHH000204: Processing PersistenceUnitInfo [name: default]
2024-11-11T15:34:19.334+05:30  INFO 17752 --- [ShopemeBackEnd] [restartedMain] org.hibernate.Version                    : HHH000412: Hibernate ORM core version 6.5.3.Final
2024-11-11T15:34:19.434+05:30  INFO 17752 --- [ShopemeBackEnd] [restartedMain] o.h.c.internal.RegionFactoryInitiator    : HHH000026: Second-level cache disabled
2024-11-11T15:34:20.161+05:30  INFO 17752 --- [ShopemeBackEnd] [restartedMain] o.s.o.j.p.SpringPersistenceUnitInfo      : No LoadTimeWeaver setup: ignoring JPA class transformer
2024-11-11T15:34:20.277+05:30  INFO 17752 --- [ShopemeBackEnd] [restartedMain] com.zaxxer.hikari.HikariDataSource       : HikariPool-1 - Starting...
2024-11-11T15:34:21.063+05:30  INFO 17752 --- [ShopemeBackEnd] [restartedMain] com.zaxxer.hikari.pool.HikariPool        : HikariPool-1 - Added connection com.mysql.cj.jdbc.ConnectionImpl@3f6fea6
2024-11-11T15:34:21.068+05:30  INFO 17752 --- [ShopemeBackEnd] [restartedMain] com.zaxxer.hikari.HikariDataSource       : HikariPool-1 - Start completed.
2024-11-11T15:34:21.231+05:30  WARN 17752 --- [ShopemeBackEnd] [restartedMain] org.hibernate.orm.deprecation            : HHH90000025: MySQL8Dialect does not need to be specified explicitly using 'hibernate.dialect' (remove the property setting and it will be selected by default)
2024-11-11T15:34:21.245+05:30  WARN 17752 --- [ShopemeBackEnd] [restartedMain] org.hibernate.orm.deprecation            : HHH90000026: MySQL8Dialect has been deprecated; use org.hibernate.dialect.MySQLDialect instead
2024-11-11T15:34:23.462+05:30  INFO 17752 --- [ShopemeBackEnd] [restartedMain] o.h.e.t.j.p.i.JtaPlatformInitiator       : HHH000489: No JTA platform available (set 'hibernate.transaction.jta.platform' to enable JTA platform integration)
2024-11-11T15:34:24.201+05:30  INFO 17752 --- [ShopemeBackEnd] [restartedMain] j.LocalContainerEntityManagerFactoryBean : Initialized JPA EntityManagerFactory for persistence unit 'default'
2024-11-11T15:34:24.818+05:30  INFO 17752 --- [ShopemeBackEnd] [restartedMain] o.s.d.j.r.query.QueryEnhancerFactory     : Hibernate is in classpath; If applicable, HQL parser will be used.
2024-11-11T15:34:26.285+05:30  WARN 17752 --- [ShopemeBackEnd] [restartedMain] JpaBaseConfiguration$JpaWebConfiguration : spring.jpa.open-in-view is enabled by default. Therefore, database queries may be performed during view rendering. Explicitly configure spring.jpa.open-in-view to disable this warning
2024-11-11T15:34:26.377+05:30  INFO 17752 --- [ShopemeBackEnd] [restartedMain] r$InitializeUserDetailsManagerConfigurer : Global AuthenticationManager configured with UserDetailsService bean with name userDetailsService
2024-11-11T15:34:26.617+05:30  INFO 17752 --- [ShopemeBackEnd] [restartedMain] o.s.b.a.w.s.WelcomePageHandlerMapping    : Adding welcome page template: index
2024-11-11T15:34:31.878+05:30  WARN 17752 --- [ShopemeBackEnd] [restartedMain] o.s.s.c.a.web.builders.WebSecurity       : You are asking Spring Security to ignore Deferred [Mvc [pattern='/images/**'], Ant [pattern='/images/**']]. This is not recommended -- please use permitAll via HttpSecurity#authorizeHttpRequests instead.
2024-11-11T15:34:31.880+05:30  WARN 17752 --- [ShopemeBackEnd] [restartedMain] o.s.s.c.a.web.builders.WebSecurity       : You are asking Spring Security to ignore Deferred [Mvc [pattern='/js/**'], Ant [pattern='/js/**']]. This is not recommended -- please use permitAll via HttpSecurity#authorizeHttpRequests instead.
2024-11-11T15:34:31.883+05:30  WARN 17752 --- [ShopemeBackEnd] [restartedMain] o.s.s.c.a.web.builders.WebSecurity       : You are asking Spring Security to ignore Deferred [Mvc [pattern='/webjars/**'], Ant [pattern='/webjars/**']]. This is not recommended -- please use permitAll via HttpSecurity#authorizeHttpRequests instead.
2024-11-11T15:34:32.165+05:30  INFO 17752 --- [ShopemeBackEnd] [restartedMain] o.s.b.d.a.OptionalLiveReloadServer       : LiveReload server is running on port 35729
2024-11-11T15:34:32.318+05:30  INFO 17752 --- [ShopemeBackEnd] [restartedMain] o.s.b.w.embedded.tomcat.TomcatWebServer  : Tomcat started on port 8081 (http) with context path '/ShopmeAdmin'
2024-11-11T15:34:32.357+05:30  INFO 17752 --- [ShopemeBackEnd] [restartedMain] c.s.admin.ShopemeBackEndApplication      : Started ShopemeBackEndApplication in 19.314 seconds (process running for 20.258)
2024-11-11T15:35:05.199+05:30  INFO 17752 --- [ShopemeBackEnd] [SpringApplicationShutdownHook] j.LocalContainerEntityManagerFactoryBean : Closing JPA EntityManagerFactory for persistence unit 'default'
2024-11-11T15:35:05.204+05:30  INFO 17752 --- [ShopemeBackEnd] [SpringApplicationShutdownHook] com.zaxxer.hikari.HikariDataSource       : HikariPool-1 - Shutdown initiated...
2024-11-11T15:35:05.218+05:30  INFO 17752 --- [ShopemeBackEnd] [SpringApplicationShutdownHook] com.zaxxer.hikari.HikariDataSource       : HikariPool-1 - Shutdown completed.
